<?xml version="1.0" encoding="UTF-8"?>
<!-- Generated by org.testng.reporters.JUnitReportReporter -->
<testsuite hostname="DESKTOP-SB17MVI" failures="0" tests="3" name="com.vision.qa.orangeHrm.NewTest" time="39.288" errors="0" timestamp="2024-01-15T00:21:23 IST" skipped="0">
  <testcase classname="com.vision.qa.orangeHrm.NewTest" name="logOutTest" time="16.298"/>
  <system-out/>
  <testcase classname="com.vision.qa.orangeHrm.NewTest" name="loginTest" time="13.846"/>
  <system-out/>
  <testcase classname="com.vision.qa.orangeHrm.NewTest" name="healthCheck" time="9.144"/>
  <system-out/>
</testsuite> <!-- com.vision.qa.orangeHrm.NewTest -->
